<?xml version="1.0" encoding="UTF-8"?>
<Site BuildName="Linux-g++"
	BuildStamp="20230904-2044-Experimental"
	Name="pooter"
	Generator="ctest-3.27.4"
	CompilerName="/usr/bin/g++"
	CompilerVersion="13.2.1"
	OSName="Linux"
	Hostname="pooter"
	OSRelease="6.4.12-arch1-1"
	OSVersion="#1 SMP PREEMPT_DYNAMIC Thu, 24 Aug 2023 00:38:14 +0000"
	OSPlatform="x86_64"
	Is64Bits="1"
	VendorString="AuthenticAMD"
	VendorID="Advanced Micro Devices"
	FamilyID="25"
	ModelID="97"
	ProcessorCacheSize="1024"
	NumberOfLogicalCPU="16"
	NumberOfPhysicalCPU="8"
	TotalVirtualMemory="0"
	TotalPhysicalMemory="31237"
	LogicalProcessorsPerPhysical="2"
	ProcessorClockFrequency="4360.34"
	>
	<Testing>
		<StartDateTime>Sep 04 22:14 BST</StartDateTime>
		<StartTestTime>1693862048</StartTestTime>
		<TestList/>
		<EndDateTime>Sep 04 22:14 BST</EndDateTime>
		<EndTestTime>1693862048</EndTestTime>
		<ElapsedMinutes>0</ElapsedMinutes>
	</Testing>
</Site>
